错误代码:1120 当前Hsql数据库已被另一线程锁定
com.fr.third.org.hsqldb.HsqlException: The database is already in use by another process: lockFile: com.fr.third.org.hsqldb.persist.LockFile@46348aaa[file =H:\finereport\WebApps\4.0\debug\WEB-INF\logdb\db.lck, exists=true, locked=false, valid=false, ] method: checkHeartbeat read: 2016-08-26 11:40:59.655 heartbeat - read: -1555 ms.
	at com.fr.third.org.hsqldb.Trace.error(Trace.java:505)
	at com.fr.third.org.hsqldb.persist.LockFile.newLockFileLock(LockFile.java:642)
	at com.fr.third.org.hsqldb.persist.Logger.acquireLock(Logger.java:440)
	at com.fr.third.org.hsqldb.persist.Logger.openLog(Logger.java:118)
	at com.fr.third.org.hsqldb.Database.reopen(Database.java:309)
	at com.fr.third.org.hsqldb.Database.open(Database.java:268)
	at com.fr.third.org.hsqldb.DatabaseManager.getDatabase(DatabaseManager.java:226)
	at com.fr.third.org.hsqldb.DatabaseManager.newSession(DatabaseManager.java:148)
	at com.fr.third.org.hsqldb.jdbc.jdbcConnection.<init>(jdbcConnection.java:2412)
	at com.fr.third.org.hsqldb.jdbcDriver.getConnection(jdbcDriver.java:183)
	at com.fr.third.org.hsqldb.jdbcDriver.connect(jdbcDriver.java:161)
	at java.sql.DriverManager.getConnection(DriverManager.java:664)
	at java.sql.DriverManager.getConnection(DriverManager.java:247)
	at com.fr.data.pool.MemoryConnection.getDefaultValidationQuery(MemoryConnection.java:115)
	at com.fr.data.pool.MemoryConnection.getDataSource(MemoryConnection.java:76)
	at com.fr.data.pool.MemoryConnection.create(MemoryConnection.java:37)
	at com.fr.data.impl.JDBCDatabaseConnection.createConnection(JDBCDatabaseConnection.java:171)
	at com.fr.data.core.db.DBUtils.getEmbeddedDB(DBUtils.java:720)
	at com.fr.data.core.db.DBUtils.getEmbeddedDB(DBUtils.java:661)
	at com.fr.record.DBRecordManager.initLogDBConnection(DBRecordManager.java:120)
	at com.fr.record.DBRecordManager.getDB(DBRecordManager.java:110)
	at com.fr.record.DBRecordManager.init(DBRecordManager.java:78)
	at com.fr.record.DBRecordManager.recordErrorInfo(DBRecordManager.java:184)
	at com.fr.general.FRLogger.recordErrorInfo(FRLogger.java:551)
	at com.fr.general.FRLogger.logAndRecordErrorInfo(FRLogger.java:530)
	at com.fr.general.FRLogger.error(FRLogger.java:354)
	at com.fr.general.FRLogger.error(FRLogger.java:324)
	at com.fr.general.FRLogger.error(FRLogger.java:314)
	at com.fr.plugin.ExtraClassManager.recordClassLoadError(ExtraClassManager.java:213)
	at com.fr.plugin.ExtraClassManager.addHackActionCMD(ExtraClassManager.java:183)
	at com.fr.plugin.ExtraClassManager.readXML(ExtraClassManager.java:252)
	at com.fr.plugin.Plugin$8.readXML(Plugin.java:476)
	at com.fr.stable.xml.XMLableReader.readXMLObject(XMLableReader.java:355)
	at com.fr.plugin.Plugin.readExtraCore(Plugin.java:473)
	at com.fr.plugin.Plugin.readXML(Plugin.java:320)
	at com.fr.stable.xml.XMLableReader.readXMLObject(XMLableReader.java:355)
	at com.fr.stable.xml.XMLTools.readInputStreamXML(XMLTools.java:30)
	at com.fr.plugin.PluginLoader.readFromEnv(PluginLoader.java:173)
	at com.fr.plugin.PluginLoader.readPlugins(PluginLoader.java:125)
	at com.fr.plugin.PluginLoader.init(PluginLoader.java:55)
	at com.fr.plugin.PluginLoader.foreInit(PluginLoader.java:67)
	at com.fr.report.module.EngineModule.startFinish(EngineModule.java:187)
	at com.fr.fs.FSModule.startFinish(FSModule.java:73)
	at com.fr.report.module.EngineModule.start(EngineModule.java:78)
	at com.fr.general.ModuleContext.startModule(ModuleContext.java:47)
	at com.fr.web.BaseServlet.init(BaseServlet.java:84)
	at com.fr.web.ReportServlet.init(ReportServlet.java:44)
	at org.mortbay.jetty.servlet.ServletHolder.initServlet(ServletHolder.java:383)
	at org.mortbay.jetty.servlet.ServletHolder.start(ServletHolder.java:243)
	at org.mortbay.jetty.servlet.ServletHandler.initializeServlets(ServletHandler.java:446)
	at org.mortbay.jetty.servlet.WebApplicationHandler.initializeServlets(WebApplicationHandler.java:321)
	at org.mortbay.jetty.servlet.WebApplicationContext.doStart(WebApplicationContext.java:509)
	at org.mortbay.util.Container.start(Container.java:72)
	at com.fr.start.server.JettyHost.addAndStartWebApplication(JettyHost.java:123)
	at com.fr.start.server.JettyHost.addAndStartLocalEnvHomeWebApp(JettyHost.java:278)
	at com.fr.start.StartServer.browerURLWithLocalEnv(StartServer.java:118)
	at com.fr.design.utils.DesignUtils.visitEnvServerByParameters(DesignUtils.java:318)
	at com.fr.design.actions.file.WebPreviewUtils.browseUrl(WebPreviewUtils.java:83)
	at com.fr.design.actions.file.WebPreviewUtils.actionPerformed(WebPreviewUtils.java:46)
	at com.fr.design.actions.file.WebPreviewUtils.onWorkbookPreview(WebPreviewUtils.java:19)
	at com.fr.start.Designer$8.upButtonClickEvent(Designer.java:230)
	at com.fr.design.gui.ibutton.UIPreviewButton$1.mouseClicked(UIPreviewButton.java:58)
	at java.awt.AWTEventMulticaster.mouseClicked(AWTEventMulticaster.java:270)
	at java.awt.AWTEventMulticaster.mouseClicked(AWTEventMulticaster.java:269)
	at java.awt.Component.processMouseEvent(Component.java:6528)
	at javax.swing.JComponent.processMouseEvent(JComponent.java:3322)
	at java.awt.Component.processEvent(Component.java:6290)
	at java.awt.Container.processEvent(Container.java:2234)
	at java.awt.Component.dispatchEventImpl(Component.java:4881)
	at java.awt.Container.dispatchEventImpl(Container.java:2292)
	at java.awt.Component.dispatchEvent(Component.java:4703)
	at java.awt.LightweightDispatcher.retargetMouseEvent(Container.java:4898)
	at java.awt.LightweightDispatcher.processMouseEvent(Container.java:4542)
	at java.awt.LightweightDispatcher.dispatchEvent(Container.java:4462)
	at java.awt.Container.dispatchEventImpl(Container.java:2278)
	at java.awt.Window.dispatchEventImpl(Window.java:2739)
	at java.awt.Component.dispatchEvent(Component.java:4703)
	at java.awt.EventQueue.dispatchEventImpl(EventQueue.java:751)
	at java.awt.EventQueue.access$500(EventQueue.java:97)
	at java.awt.EventQueue$3.run(EventQueue.java:702)
	at java.awt.EventQueue$3.run(EventQueue.java:696)
	at java.security.AccessController.doPrivileged(Native Method)
	at java.security.ProtectionDomain$1.doIntersectionPrivilege(ProtectionDomain.java:75)
	at java.security.ProtectionDomain$1.doIntersectionPrivilege(ProtectionDomain.java:86)
	at java.awt.EventQueue$4.run(EventQueue.java:724)
	at java.awt.EventQueue$4.run(EventQueue.java:722)
	at java.security.AccessController.doPrivileged(Native Method)
	at java.security.ProtectionDomain$1.doIntersectionPrivilege(ProtectionDomain.java:75)
	at java.awt.EventQueue.dispatchEvent(EventQueue.java:721)
	at java.awt.EventDispatchThread.pumpOneEventForFilters(EventDispatchThread.java:201)
	at java.awt.EventDispatchThread.pumpEventsForFilter(EventDispatchThread.java:116)
	at java.awt.EventDispatchThread.pumpEventsForHierarchy(EventDispatchThread.java:105)
	at java.awt.EventDispatchThread.pumpEvents(EventDispatchThread.java:101)
	at java.awt.EventDispatchThread.pumpEvents(EventDispatchThread.java:93)
	at java.awt.EventDispatchThread.run(EventDispatchThread.java:82)
