REAL_TIME
REAL_TIME
REAL_TIME
init
Exception in thread "AWT-EventQueue-0" java.lang.NoSuchMethodError: com.fr.stable.plugin.ExtraClassManagerProvider.getSingle(Ljava/lang/String;)Lcom/fr/stable/fun/mark/Immutable;
	at com.fr.general.DesUtils.getEncString(DesUtils.java:36)
	at com.fr.general.DesUtils.getEncString(DesUtils.java:24)
	at com.fr.design.mainframe.InformationCollector.saveXMLFile(InformationCollector.java:355)
	at com.fr.start.Designer.shutDown(Designer.java:434)
	at com.fr.design.mainframe.DesignerFrame.exit(DesignerFrame.java:938)
	at com.fr.design.mainframe.DesignerFrame$1.windowClosing(DesignerFrame.java:134)
	at java.awt.AWTEventMulticaster.windowClosing(AWTEventMulticaster.java:349)
	at java.awt.Window.processWindowEvent(Window.java:2058)
	at javax.swing.JFrame.processWindowEvent(JFrame.java:297)
	at java.awt.Window.processEvent(Window.java:2017)
	at java.awt.Component.dispatchEventImpl(Component.java:4881)
	at java.awt.Container.dispatchEventImpl(Container.java:2292)
	at java.awt.Window.dispatchEventImpl(Window.java:2739)
	at java.awt.Component.dispatchEvent(Component.java:4703)
	at java.awt.EventQueue.dispatchEventImpl(EventQueue.java:751)
	at java.awt.EventQueue.access$500(EventQueue.java:97)
	at java.awt.EventQueue$3.run(EventQueue.java:702)
	at java.awt.EventQueue$3.run(EventQueue.java:696)
	at java.security.AccessController.doPrivileged(Native Method)
	at java.security.ProtectionDomain$1.doIntersectionPrivilege(ProtectionDomain.java:75)
	at java.security.ProtectionDomain$1.doIntersectionPrivilege(ProtectionDomain.java:86)
	at java.awt.EventQueue$4.run(EventQueue.java:724)
	at java.awt.EventQueue$4.run(EventQueue.java:722)
	at java.security.AccessController.doPrivileged(Native Method)
	at java.security.ProtectionDomain$1.doIntersectionPrivilege(ProtectionDomain.java:75)
	at java.awt.EventQueue.dispatchEvent(EventQueue.java:721)
	at java.awt.EventDispatchThread.pumpOneEventForFilters(EventDispatchThread.java:201)
	at java.awt.EventDispatchThread.pumpEventsForFilter(EventDispatchThread.java:116)
	at java.awt.EventDispatchThread.pumpEventsForHierarchy(EventDispatchThread.java:105)
	at java.awt.EventDispatchThread.pumpEvents(EventDispatchThread.java:101)
	at java.awt.EventDispatchThread.pumpEvents(EventDispatchThread.java:93)
	at java.awt.EventDispatchThread.run(EventDispatchThread.java:82)
